<?xml version="1.0" encoding="UTF-8"?>
<!-- Generated by org.testng.reporters.JUnitXMLReporter -->
<testsuite hostname="PREETISH" name="DependencyTest" tests="5" failures="1" timestamp="20 Feb 2018 10:35:26 GMT" time="0.791" errors="0">
  <testcase name="enteruserid" time="0.778" classname="testngprogrammes.DependencyTestNG">
    <failure type="java.lang.AssertionError" message="expected [gudu1] but found [gudu]">
      <![CDATA[java.lang.AssertionError: expected [gudu1] but found [gudu]
	at testngprogrammes.DependencyTestNG.enteruserid(DependencyTestNG.java:15)
	at java.util.concurrent.FutureTask.run(Unknown Source)
	at java.util.concurrent.ThreadPoolExecutor.runWorker(Unknown Source)
	at java.util.concurrent.ThreadPoolExecutor$Worker.run(Unknown Source)
	at java.lang.Thread.run(Unknown Source)
... Removed 21 stack frames]]>
    </failure>
  </testcase> <!-- enteruserid -->
  <testcase name="gmailstart" time="0.001" classname="testngprogrammes.DependencyTestNG"/>
  <testcase name="enterpassword" time="0.001" classname="testngprogrammes.DependencyTestNG"/>
  <testcase name="clicklogin" time="0.0" classname="testngprogrammes.DependencyTestNG"/>
  <testcase name="browserclose" time="0.001" classname="testngprogrammes.DependencyTestNG"/>
</testsuite> <!-- DependencyTest -->
